Mon Sep 03 2018 11:31:33 GMT+0530 (Sri Lanka Standard Time): GET /about
Mon Sep 03 2018 11:31:44 GMT+0530 (Sri Lanka Standard Time): GET /about
Mon Sep 03 2018 11:32:01 GMT+0530 (Sri Lanka Standard Time): GET /about
Mon Sep 03 2018 11:32:07 GMT+0530 (Sri Lanka Standard Time): GET /favicon.ico
Mon Sep 03 2018 11:34:39 GMT+0530 (Sri Lanka Standard Time): GET /about
Mon Sep 03 2018 11:35:04 GMT+0530 (Sri Lanka Standard Time): GET /about
Mon Sep 03 2018 11:35:20 GMT+0530 (Sri Lanka Standard Time): GET /about
Mon Sep 03 2018 11:35:24 GMT+0530 (Sri Lanka Standard Time): GET /about
Mon Sep 03 2018 11:37:03 GMT+0530 (Sri Lanka Standard Time): GET /about
Mon Sep 03 2018 11:38:47 GMT+0530 (Sri Lanka Standard Time): GET /help.html
Mon Sep 03 2018 12:00:36 GMT+0530 (Sri Lanka Standard Time): GET /help.html
Mon Sep 03 2018 12:01:49 GMT+0530 (Sri Lanka Standard Time): GET /help.html
Mon Sep 03 2018 12:02:03 GMT+0530 (Sri Lanka Standard Time): GET /help.html
Mon Sep 03 2018 12:02:08 GMT+0530 (Sri Lanka Standard Time): GET /help
Mon Sep 03 2018 12:02:21 GMT+0530 (Sri Lanka Standard Time): GET /help
Mon Sep 03 2018 12:02:24 GMT+0530 (Sri Lanka Standard Time): GET /help.html
Mon Sep 03 2018 12:02:27 GMT+0530 (Sri Lanka Standard Time): GET /
Mon Sep 03 2018 12:09:23 GMT+0530 (Sri Lanka Standard Time): GET /
Mon Sep 03 2018 12:09:24 GMT+0530 (Sri Lanka Standard Time): GET /projects
Mon Sep 03 2018 12:09:33 GMT+0530 (Sri Lanka Standard Time): GET /projects
Mon Sep 03 2018 12:09:35 GMT+0530 (Sri Lanka Standard Time): GET /projects
Mon Sep 03 2018 12:09:54 GMT+0530 (Sri Lanka Standard Time): GET /projects
Mon Sep 03 2018 12:10:00 GMT+0530 (Sri Lanka Standard Time): GET /projects
Mon Sep 03 2018 12:10:01 GMT+0530 (Sri Lanka Standard Time): GET /
Mon Sep 03 2018 12:10:02 GMT+0530 (Sri Lanka Standard Time): GET /about
Mon Sep 03 2018 12:10:02 GMT+0530 (Sri Lanka Standard Time): GET /projects
Mon Sep 03 2018 12:10:04 GMT+0530 (Sri Lanka Standard Time): GET /projects
Mon Sep 03 2018 12:10:04 GMT+0530 (Sri Lanka Standard Time): GET /about
Mon Sep 03 2018 12:10:06 GMT+0530 (Sri Lanka Standard Time): GET /
